<?xml version="1.0" encoding="UTF-8"?>
<testsuite xmlns:xsi="http://www.w3.org/2001/XMLSchema-instance" xsi:noNamespaceSchemaLocation="https://maven.apache.org/surefire/maven-surefire-plugin/xsd/surefire-test-report-3.0.xsd" version="3.0" name="TestSuite" time="3.761" tests="1" errors="0" skipped="0" failures="0">
  <properties>
[...]
</properties>
  <testcase name="logintsts" classname="com.testcases.etst1" time="0.304">
    <system-out><![CDATA[12:55:11.330 [main] INFO  com.testcases.logintest - Launch chrome browser
12:55:13.788 [main] INFO  com.testcases.etst1 - ** Start logintests
12:55:13.788 [main] INFO  com.testcases.etst1 - enter username
12:55:13.903 [main] INFO  com.pages.Login - performed Action on uname element
12:55:13.904 [main] INFO  com.testcases.etst1 - enter Password
12:55:13.965 [main] INFO  com.pages.Login - performed Action on password element
12:55:14.042 [main] INFO  com.pages.Login - performed Action on lgnbutn element
12:55:14.052 [main] INFO  com.testcases.etst1 - Title is Swag Labs
12:55:14.052 [main] INFO  com.testcases.etst1 - Title is correct
12:55:14.052 [main] INFO  com.testcases.etst1 - **END of the Login test
]]></system-out>
    <system-err><![CDATA[SLF4J: Failed to load class "org.slf4j.impl.StaticLoggerBinder".
SLF4J: Defaulting to no-operation (NOP) logger implementation
SLF4J: See http://www.slf4j.org/codes.html#StaticLoggerBinder for further details.
Jun 07, 2024 12:55:13 PM org.openqa.selenium.devtools.CdpVersionFinder findNearestMatch
WARNING: Unable to find an exact match for CDP version 125, returning the closest version; found: 122; Please update to a Selenium version that supports CDP version 125
]]></system-err>
  </testcase>
</testsuite>