<?xml version="1.0" encoding="UTF-8"?>
<testng-results ignored="0" total="1" passed="1" failed="0" skipped="0">
  <reporter-output>
  </reporter-output>
  <suite started-at="2024-06-07T12:55:10 IST" name="Suite" finished-at="2024-06-07T12:55:14 IST" duration-ms="3370">
    <groups>
    </groups>
    <test started-at="2024-06-07T12:55:10 IST" name="Test" finished-at="2024-06-07T12:55:14 IST" duration-ms="3370">
      <class name="com.testcases.etst1">
        <test-method is-config="true" signature="setup()[pri:0, instance:com.testcases.etst1@1ea9f6af]" started-at="2024-06-07T12:55:10 IST" name="setup" finished-at="2024-06-07T12:55:13 IST" duration-ms="2789" status="PASS">
          <reporter-output>
          </reporter-output>
        </test-method> <!-- setup -->
        <test-method signature="logintsts()[pri:0, instance:com.testcases.etst1@1ea9f6af]" started-at="2024-06-07T12:55:13 IST" name="logintsts" finished-at="2024-06-07T12:55:14 IST" duration-ms="305" status="PASS">
          <reporter-output>
          </reporter-output>
        </test-method> <!-- logintsts -->
        <test-method is-config="true" signature="teardowm()[pri:0, instance:com.testcases.etst1@1ea9f6af]" started-at="2024-06-07T12:55:14 IST" name="teardowm" finished-at="2024-06-07T12:55:14 IST" duration-ms="200" status="PASS">
          <reporter-output>
          </reporter-output>
        </test-method> <!-- teardowm -->
      </class> <!-- com.testcases.etst1 -->
    </test> <!-- Test -->
  </suite> <!-- Suite -->
</testng-results>
